<?xml version="1.0" encoding="UTF-8"?>
<testsuite name="Test alphanumeric patterns" tests="5" skipped="0" failures="0" errors="0" timestamp="2022-06-20T08:10:15" hostname="a-32ccvya0kqjmu" time="0.01">
  <properties/>
  <testcase name="Test alphabet pattern range" classname="com.deliveroo.cron.util.RegexExpressionsTest$TestAlphanumericPatterns" time="0.001"/>
  <testcase name="Test step pattern with alphabets only" classname="com.deliveroo.cron.util.RegexExpressionsTest$TestAlphanumericPatterns" time="0.001"/>
  <testcase name="Test step pattern with alphabet only range" classname="com.deliveroo.cron.util.RegexExpressionsTest$TestAlphanumericPatterns" time="0.001"/>
  <testcase name="Test only alphabet pattern" classname="com.deliveroo.cron.util.RegexExpressionsTest$TestAlphanumericPatterns" time="0.001"/>
  <testcase name="Test alphanumeric step pattern with integer only range" classname="com.deliveroo.cron.util.RegexExpressionsTest$TestAlphanumericPatterns" time="0.001"/>
  <system-out><![CDATA[]]></system-out>
  <system-err><![CDATA[]]></system-err>
</testsuite>
