<?xml version="1.0" encoding="UTF-8"?>
<testsuite name="Test numeric patterns" tests="2" skipped="0" failures="0" errors="0" timestamp="2022-06-20T08:10:15" hostname="a-32ccvya0kqjmu" time="0.006">
  <properties/>
  <testcase name="testSingleInput()" classname="com.deliveroo.cron.util.ParserHelperTest$TestNumericFragments" time="0.002"/>
  <testcase name="Test step value all numeric" classname="com.deliveroo.cron.util.ParserHelperTest$TestNumericFragments" time="0.002"/>
  <system-out><![CDATA[]]></system-out>
  <system-err><![CDATA[]]></system-err>
</testsuite>
