<?xml version="1.0" encoding="UTF-8"?>
<testsuite name="com.deliveroo.cron.CronExpressionParserTest" tests="7" skipped="0" failures="0" errors="0" timestamp="2022-06-20T08:10:14" hostname="a-32ccvya0kqjmu" time="0.166">
  <properties/>
  <testcase name="testDayOfMonthField()" classname="com.deliveroo.cron.CronExpressionParserTest" time="0.077"/>
  <testcase name="testDayOfWeekField()" classname="com.deliveroo.cron.CronExpressionParserTest" time="0.038"/>
  <testcase name="testMinuteFieldValidations()" classname="com.deliveroo.cron.CronExpressionParserTest" time="0.013"/>
  <testcase name="testMinuteField()" classname="com.deliveroo.cron.CronExpressionParserTest" time="0.003"/>
  <testcase name="testInvalidInput()" classname="com.deliveroo.cron.CronExpressionParserTest" time="0.016"/>
  <testcase name="testHourField()" classname="com.deliveroo.cron.CronExpressionParserTest" time="0.004"/>
  <testcase name="testMonthField()" classname="com.deliveroo.cron.CronExpressionParserTest" time="0.005"/>
  <system-out><![CDATA[]]></system-out>
  <system-err><![CDATA[SLF4J: Failed to load class "org.slf4j.impl.StaticLoggerBinder".
SLF4J: Defaulting to no-operation (NOP) logger implementation
SLF4J: See http://www.slf4j.org/codes.html#StaticLoggerBinder for further details.
]]></system-err>
</testsuite>
