<?xml version="1.0" encoding="UTF-8"?>
<testsuite name="Test all regex patterns" tests="2" skipped="0" failures="0" errors="0" timestamp="2022-06-20T08:10:15" hostname="a-32ccvya0kqjmu" time="0.006">
  <properties/>
  <testcase name="Test all value pattern" classname="com.deliveroo.cron.util.RegexExpressionsTest" time="0.003"/>
  <testcase name="Test step pattern with alphanumeric range" classname="com.deliveroo.cron.util.RegexExpressionsTest" time="0.001"/>
  <system-out><![CDATA[]]></system-out>
  <system-err><![CDATA[]]></system-err>
</testsuite>
